<?xml version="1.0" encoding="UTF-8"?>
<testng-results skipped="0" failed="0" total="1" passed="1">
  <reporter-output>
  </reporter-output>
  <suite name="My Sample Suite" duration-ms="70929" started-at="2016-10-16T22:20:14Z" finished-at="2016-10-16T22:21:25Z">
    <groups>
    </groups>
    <test name="Driver Script Suite 1" duration-ms="70929" started-at="2016-10-16T22:20:14Z" finished-at="2016-10-16T22:21:25Z">
      <class name="testApps.DriverApp">
        <test-method status="PASS" signature="startTesting()[pri:0, instance:testApps.DriverApp@7b49cea0]" name="startTesting" is-config="true" duration-ms="22587" started-at="2016-10-16T23:19:52Z" finished-at="2016-10-16T23:20:14Z">
          <reporter-output>
          </reporter-output>
        </test-method> <!-- startTesting -->
        <test-method status="PASS" signature="testApp()[pri:0, instance:testApps.DriverApp@7b49cea0]" name="testApp" duration-ms="70880" started-at="2016-10-16T23:20:14Z" finished-at="2016-10-16T23:21:25Z">
          <reporter-output>
          </reporter-output>
        </test-method> <!-- testApp -->
        <test-method status="PASS" signature="endScript()[pri:0, instance:testApps.DriverApp@7b49cea0]" name="endScript" is-config="true" duration-ms="3678" started-at="2016-10-16T23:21:25Z" finished-at="2016-10-16T23:21:29Z">
          <reporter-output>
          </reporter-output>
        </test-method> <!-- endScript -->
      </class> <!-- testApps.DriverApp -->
    </test> <!-- Driver Script Suite 1 -->
  </suite> <!-- My Sample Suite -->
</testng-results>
